build/app/intermediates/manifest_merge_blame_file/release/manifest-merger-blame-release-report.txt
1<?xml version="1.0" encoding="utf-8"?>
2<manifest xmlns:android="http://schemas.android.com/apk/res/android"
3    package="com.example.zometo"
4    android:versionCode="1"
5    android:versionName="1.0.0" >
6
7    <uses-sdk
8        android:minSdkVersion="19"
8-->src\main\AndroidManifest.xml
9        android:targetSdkVersion="31" />
9-->src\main\AndroidManifest.xml
10
11    <uses-permission android:name="android.permission.INTERNET" />
11-->src\main\AndroidManifest.xml:3:5-67
11-->src\main\AndroidManifest.xml:3:22-64
12    <uses-permission android:name="android.permission.RECEIVE_BOOT_COMPLETED" />
12-->src\main\AndroidManifest.xml:4:1-76
12-->src\main\AndroidManifest.xml:4:18-74
13    <uses-permission android:name="android.permission.VIBRATE" />
13-->src\main\AndroidManifest.xml:5:1-62
13-->src\main\AndroidManifest.xml:5:18-59
14    <uses-permission android:name="android.permission.FOREGROUND_SERVICE" />
14-->src\main\AndroidManifest.xml:5:63-135
14-->src\main\AndroidManifest.xml:5:80-132
15    <uses-permission android:name="android.permission.WAKE_LOCK" />
15-->[:firebase_messaging] AndroidManifest.xml:8:5-68
15-->[:firebase_messaging] AndroidManifest.xml:8:22-65
16    <uses-permission android:name="android.permission.ACCESS_NETWORK_STATE" />
16-->[:firebase_messaging] AndroidManifest.xml:9:5-79
16-->[:firebase_messaging] AndroidManifest.xml:9:22-76
17    <uses-permission android:name="android.permission.USE_FULL_SCREEN_INTENT" />
17-->[:flutter_local_notifications] AndroidManifest.xml:9:5-81
17-->[:flutter_local_notifications] AndroidManifest.xml:9:22-78
18    <uses-permission android:name="android.permission.SCHEDULE_EXACT_ALARM" />
18-->[:flutter_local_notifications] AndroidManifest.xml:10:5-79
18-->[:flutter_local_notifications] AndroidManifest.xml:10:22-76
19
20    <queries>
20-->[:upi_pay] AndroidManifest.xml:7:5-13:15
21        <intent>
21-->[:upi_pay] AndroidManifest.xml:8:9-12:18
22            <action android:name="android.intent.action.VIEW" />
22-->[:upi_pay] AndroidManifest.xml:9:13-65
22-->[:upi_pay] AndroidManifest.xml:9:21-62
23
24            <data android:scheme="upi" />
24-->[:upi_pay] AndroidManifest.xml:11:13-42
24-->[:upi_pay] AndroidManifest.xml:11:19-39
25        </intent>
26    </queries>
27    <queries>
27-->[:upi_pay] AndroidManifest.xml:7:5-13:15
28        <package android:name="com.SIBMobile" />
29        <package android:name="com.YesBank" />
30        <package android:name="com.atomyes" />
31        <package android:name="com.aubank.aupay.bhimupi" />
32        <package android:name="com.bankofbaroda.upi" />
33        <package android:name="com.canarabank.mobility" />
34        <package android:name="com.citrus.citruspay" />
35        <package android:name="com.csam.icici.bank.imobile" />
36        <package android:name="com.cub.plus.gui" />
37        <package android:name="com.cub.wallet.gui" />
38        <package android:name="com.dbs.in.digitalbank" />
39        <package android:name="com.dreamplug.androidapp" />
40        <package android:name="com.enstage.wibmo.hdfc" />
41        <package android:name="com.equitasbank.upi" />
42        <package android:name="com.euronet.iobupi" />
43        <package android:name="com.fampay.in" />
44        <package android:name="com.finacus.jetpay" />
45        <package android:name="com.finacus.tranzapp" />
46        <package android:name="com.finopaytech.bpayfino" />
47        <package android:name="com.fisglobal.bandhanupi.app" />
48        <package android:name="com.fisglobal.syndicateupi.app" />
49        <package android:name="com.freecharge.android" />
50        <package android:name="com.fss.idfcpsp" />
51        <package android:name="com.fss.ippbpsp" />
52        <package android:name="com.fss.jnkpsp" />
53        <package android:name="com.fss.pnbpsp" />
54        <package android:name="com.fss.unbipsp" />
55        <package android:name="com.fss.vijayapsp" />
56        <package android:name="com.google.android.apps.nbu.paisa.user" />
57        <package android:name="com.idbibank.paywiz" />
58        <package android:name="com.infra.boiupi" />
59        <package android:name="com.infrasoft.uboi" />
60        <package android:name="com.infrasofttech.centralbankupi" />
61        <package android:name="com.infrasofttech.indianbankupi" />
62        <package android:name="com.infrasofttech.mahaupi" />
63        <package android:name="com.jio.myjio" />
64        <package android:name="com.khaalijeb.inkdrops" />
65        <package android:name="com.lcode.allahabadupi" />
66        <package android:name="com.lcode.corpupi" />
67        <package android:name="com.lcode.csbupi" />
68        <package android:name="com.lcode.dlbupi" />
69        <package android:name="com.lcode.smartz" />
70        <package android:name="com.lcode.ucoupi" />
71        <package android:name="com.lvbank.upaay" />
72        <package android:name="com.mgs.hsbcupi" />
73        <package android:name="com.mgs.induspsp" />
74        <package android:name="com.mgs.obcbank" />
75        <package android:name="com.microlucid.mudrapay.android" />
76        <package android:name="com.mipay.in.wallet" />
77        <package android:name="com.mobikwik_new" />
78        <package android:name="com.mobileware.upipsb" />
79        <package android:name="com.myairtelapp" />
80        <package android:name="com.mycompany.kvb" />
81        <package android:name="com.olive.andhra.upi" />
82        <package android:name="com.olive.dcb.upi" />
83        <package android:name="com.omegaon_internet_pvt_ltd" />
84        <package android:name="com.phonepe.app" />
85        <package android:name="com.rblbank.mobank" />
86        <package android:name="com.rblbank.upi" />
87        <package android:name="com.realmepay.payments" />
88        <package android:name="com.sbi.upi" />
89        <package android:name="com.snapwork.hdfc" />
90        <package android:name="com.truecaller" />
91        <package android:name="com.udma.yuvapay.app" />
92        <package android:name="com.ultracash.payment.customer" />
93        <package android:name="com.upi.axispay" />
94        <package android:name="com.upi.federalbank.org.lotza" />
95        <package android:name="com.whatsapp" />
96        <package android:name="in.amazon.mShop.android.shopping" />
97        <package android:name="in.cointab.app" />
98        <package android:name="in.org.npci.upiapp" />
99        <package android:name="money.bullet" />
100        <package android:name="net.one97.paytm" />
101    </queries> <!-- Required by older versions of Google Play services to create IID tokens -->
102    <uses-permission android:name="com.google.android.c2dm.permission.RECEIVE" />
102-->[com.google.firebase:firebase-messaging:23.0.5] AndroidManifest.xml:28:5-82
102-->[com.google.firebase:firebase-messaging:23.0.5] AndroidManifest.xml:28:22-79
103    <uses-permission android:name="com.google.android.gms.permission.AD_ID" />
103-->[com.google.android.gms:play-services-measurement-api:21.0.0] AndroidManifest.xml:25:5-79
103-->[com.google.android.gms:play-services-measurement-api:21.0.0] AndroidManifest.xml:25:22-76
104    <uses-permission android:name="com.google.android.finsky.permission.BIND_GET_INSTALL_REFERRER_SERVICE" />
104-->[com.google.android.gms:play-services-measurement:21.0.0] AndroidManifest.xml:26:5-110
104-->[com.google.android.gms:play-services-measurement:21.0.0] AndroidManifest.xml:26:22-107
105
106    <application
107        android:name="android.app.Application"
107-->src\main\AndroidManifest.xml:8:9-42
108        android:appComponentFactory="androidx.core.app.CoreComponentFactory"
108-->[androidx.core:core:1.7.0] AndroidManifest.xml:24:18-86
109        android:icon="@mipmap/ic_launcher"
109-->src\main\AndroidManifest.xml:9:9-43
110        android:label="NeatRoot" >
110-->src\main\AndroidManifest.xml:7:9-33
111        <activity
111-->src\main\AndroidManifest.xml:10:9-34:20
112            android:name="com.example.zometo.MainActivity"
112-->src\main\AndroidManifest.xml:11:13-41
113            android:configChanges="orientation|keyboardHidden|keyboard|screenSize|smallestScreenSize|locale|layoutDirection|fontScale|screenLayout|density|uiMode"
113-->src\main\AndroidManifest.xml:17:13-163
114            android:exported="true"
114-->src\main\AndroidManifest.xml:12:13-36
115            android:hardwareAccelerated="true"
115-->src\main\AndroidManifest.xml:18:13-47
116            android:launchMode="singleTop"
116-->src\main\AndroidManifest.xml:15:13-43
117            android:showWhenLocked="true"
117-->src\main\AndroidManifest.xml:13:13-42
118            android:theme="@style/LaunchTheme"
118-->src\main\AndroidManifest.xml:16:13-47
119            android:turnScreenOn="true"
119-->src\main\AndroidManifest.xml:14:13-40
120            android:windowSoftInputMode="adjustResize" >
120-->src\main\AndroidManifest.xml:19:13-55
121
122            <!--
123                 Specifies an Android theme to apply to this Activity as soon as
124                 the Android process has started. This theme is visible to the user
125                 while the Flutter UI initializes. After that, this theme continues
126                 to determine the Window background behind the Flutter UI.
127            -->
128            <meta-data
128-->src\main\AndroidManifest.xml:24:13-27:17
129                android:name="io.flutter.embedding.android.NormalTheme"
129-->src\main\AndroidManifest.xml:25:15-70
130                android:resource="@style/NormalTheme" />
130-->src\main\AndroidManifest.xml:26:15-52
131
132            <intent-filter>
132-->src\main\AndroidManifest.xml:29:13-33:29
133                <action android:name="android.intent.action.MAIN" />
133-->src\main\AndroidManifest.xml:30:17-68
133-->src\main\AndroidManifest.xml:30:25-66
134
135                <category android:name="android.intent.category.LAUNCHER" />
135-->src\main\AndroidManifest.xml:31:17-76
135-->src\main\AndroidManifest.xml:31:27-74
136                <category android:name="android.intent.category.FLUTTER_NOTIFICATION_CLICK" />
136-->src\main\AndroidManifest.xml:32:17-94
136-->src\main\AndroidManifest.xml:32:27-92
137            </intent-filter>
138        </activity>
139        <!--
140             Don't delete the meta-data below.
141             This is used by the Flutter tool to generate GeneratedPluginRegistrant.java
142        -->
143        <meta-data
143-->src\main\AndroidManifest.xml:37:9-39:33
144            android:name="flutterEmbedding"
144-->src\main\AndroidManifest.xml:38:13-44
145            android:value="2" />
145-->src\main\AndroidManifest.xml:39:13-30
146
147        <service
147-->src\main\AndroidManifest.xml:40:7-43:43
148            android:name="com.dexterous.flutterlocalnotifications.ForegroundService"
148-->src\main\AndroidManifest.xml:41:13-85
149            android:exported="false"
149-->src\main\AndroidManifest.xml:42:13-37
150            android:stopWithTask="false" />
150-->src\main\AndroidManifest.xml:43:13-41
151
152        <receiver
152-->src\main\AndroidManifest.xml:44:8-105
153            android:name="com.dexterous.flutterlocalnotifications.ScheduledNotificationReceiver"
153-->src\main\AndroidManifest.xml:44:18-102
154            android:exported="false" />
154-->[:flutter_local_notifications] AndroidManifest.xml:15:13-37
155
156        <service
156-->[:cloud_firestore] AndroidManifest.xml:8:9-12:19
157            android:name="com.google.firebase.components.ComponentDiscoveryService"
157-->[:cloud_firestore] AndroidManifest.xml:8:18-89
158            android:directBootAware="true"
158-->[com.google.firebase:firebase-common:20.1.1] AndroidManifest.xml:35:13-43
159            android:exported="false" >
159-->[com.google.firebase:firebase-analytics-ktx:21.0.0] AndroidManifest.xml:10:13-37
160            <meta-data
160-->[:cloud_firestore] AndroidManifest.xml:9:13-11:85
161                android:name="com.google.firebase.components:io.flutter.plugins.firebase.firestore.FlutterFirebaseFirestoreRegistrar"
161-->[:cloud_firestore] AndroidManifest.xml:10:17-134
162                android:value="com.google.firebase.components.ComponentRegistrar" />
162-->[:cloud_firestore] AndroidManifest.xml:11:17-82
163            <meta-data
163-->[:firebase_auth] AndroidManifest.xml:9:13-11:85
164                android:name="com.google.firebase.components:io.flutter.plugins.firebase.auth.FlutterFirebaseAuthRegistrar"
164-->[:firebase_auth] AndroidManifest.xml:10:17-124
165                android:value="com.google.firebase.components.ComponentRegistrar" />
165-->[:firebase_auth] AndroidManifest.xml:11:17-82
166            <meta-data
166-->[:firebase_storage] AndroidManifest.xml:9:13-11:85
167                android:name="com.google.firebase.components:io.flutter.plugins.firebase.storage.FlutterFirebaseAppRegistrar"
167-->[:firebase_storage] AndroidManifest.xml:10:17-126
168                android:value="com.google.firebase.components.ComponentRegistrar" />
168-->[:firebase_storage] AndroidManifest.xml:11:17-82
169            <meta-data
169-->[:firebase_messaging] AndroidManifest.xml:34:13-36:85
170                android:name="com.google.firebase.components:io.flutter.plugins.firebase.messaging.FlutterFirebaseAppRegistrar"
170-->[:firebase_messaging] AndroidManifest.xml:35:17-128
171                android:value="com.google.firebase.components.ComponentRegistrar" />
171-->[:firebase_messaging] AndroidManifest.xml:36:17-82
172            <meta-data
172-->[:firebase_core] AndroidManifest.xml:9:13-11:85
173                android:name="com.google.firebase.components:io.flutter.plugins.firebase.core.FlutterFirebaseCoreRegistrar"
173-->[:firebase_core] AndroidManifest.xml:10:17-124
174                android:value="com.google.firebase.components.ComponentRegistrar" />
174-->[:firebase_core] AndroidManifest.xml:11:17-82
175            <meta-data
175-->[com.google.firebase:firebase-analytics-ktx:21.0.0] AndroidManifest.xml:11:13-13:85
176                android:name="com.google.firebase.components:com.google.firebase.analytics.ktx.FirebaseAnalyticsKtxRegistrar"
176-->[com.google.firebase:firebase-analytics-ktx:21.0.0] AndroidManifest.xml:12:17-126
177                android:value="com.google.firebase.components.ComponentRegistrar" />
177-->[com.google.firebase:firebase-analytics-ktx:21.0.0] AndroidManifest.xml:13:17-82
178            <meta-data
178-->[com.google.firebase:firebase-common-ktx:20.1.1] AndroidManifest.xml:15:13-17:85
179                android:name="com.google.firebase.components:com.google.firebase.ktx.FirebaseCommonKtxRegistrar"
179-->[com.google.firebase:firebase-common-ktx:20.1.1] AndroidManifest.xml:16:17-113
180                android:value="com.google.firebase.components.ComponentRegistrar" />
180-->[com.google.firebase:firebase-common-ktx:20.1.1] AndroidManifest.xml:17:17-82
181            <meta-data
181-->[com.google.firebase:firebase-messaging:23.0.5] AndroidManifest.xml:55:13-57:85
182                android:name="com.google.firebase.components:com.google.firebase.messaging.FirebaseMessagingRegistrar"
182-->[com.google.firebase:firebase-messaging:23.0.5] AndroidManifest.xml:56:17-119
183                android:value="com.google.firebase.components.ComponentRegistrar" />
183-->[com.google.firebase:firebase-messaging:23.0.5] AndroidManifest.xml:57:17-82
184            <meta-data
184-->[com.google.firebase:firebase-datatransport:18.1.4] AndroidManifest.xml:28:13-30:85
185                android:name="com.google.firebase.components:com.google.firebase.datatransport.TransportRegistrar"
185-->[com.google.firebase:firebase-datatransport:18.1.4] AndroidManifest.xml:29:17-115
186                android:value="com.google.firebase.components.ComponentRegistrar" />
186-->[com.google.firebase:firebase-datatransport:18.1.4] AndroidManifest.xml:30:17-82
187            <meta-data
187-->[com.google.firebase:firebase-auth:21.0.5] AndroidManifest.xml:67:13-69:85
188                android:name="com.google.firebase.components:com.google.firebase.auth.FirebaseAuthRegistrar"
188-->[com.google.firebase:firebase-auth:21.0.5] AndroidManifest.xml:68:17-109
189                android:value="com.google.firebase.components.ComponentRegistrar" />
189-->[com.google.firebase:firebase-auth:21.0.5] AndroidManifest.xml:69:17-82
190            <meta-data
190-->[com.google.firebase:firebase-firestore:24.1.2] AndroidManifest.xml:20:13-22:85
191                android:name="com.google.firebase.components:com.google.firebase.firestore.FirestoreRegistrar"
191-->[com.google.firebase:firebase-firestore:24.1.2] AndroidManifest.xml:21:17-111
192                android:value="com.google.firebase.components.ComponentRegistrar" />
192-->[com.google.firebase:firebase-firestore:24.1.2] AndroidManifest.xml:22:17-82
193            <meta-data
193-->[com.google.firebase:firebase-storage:20.0.1] AndroidManifest.xml:33:13-35:85
194                android:name="com.google.firebase.components:com.google.firebase.storage.StorageRegistrar"
194-->[com.google.firebase:firebase-storage:20.0.1] AndroidManifest.xml:34:17-107
195                android:value="com.google.firebase.components.ComponentRegistrar" />
195-->[com.google.firebase:firebase-storage:20.0.1] AndroidManifest.xml:35:17-82
196            <meta-data
196-->[com.google.android.gms:play-services-measurement-api:21.0.0] AndroidManifest.xml:31:13-33:85
197                android:name="com.google.firebase.components:com.google.firebase.analytics.connector.internal.AnalyticsConnectorRegistrar"
197-->[com.google.android.gms:play-services-measurement-api:21.0.0] AndroidManifest.xml:32:17-139
198                android:value="com.google.firebase.components.ComponentRegistrar" />
198-->[com.google.android.gms:play-services-measurement-api:21.0.0] AndroidManifest.xml:33:17-82
199            <meta-data
199-->[com.google.firebase:firebase-installations:17.0.1] AndroidManifest.xml:18:13-20:85
200                android:name="com.google.firebase.components:com.google.firebase.installations.FirebaseInstallationsRegistrar"
200-->[com.google.firebase:firebase-installations:17.0.1] AndroidManifest.xml:19:17-127
201                android:value="com.google.firebase.components.ComponentRegistrar" />
201-->[com.google.firebase:firebase-installations:17.0.1] AndroidManifest.xml:20:17-82
202        </service>
203        <service
203-->[:firebase_messaging] AndroidManifest.xml:12:9-15:72
204            android:name="io.flutter.plugins.firebase.messaging.FlutterFirebaseMessagingBackgroundService"
204-->[:firebase_messaging] AndroidManifest.xml:13:13-107
205            android:exported="false"
205-->[:firebase_messaging] AndroidManifest.xml:14:13-37
206            android:permission="android.permission.BIND_JOB_SERVICE" />
206-->[:firebase_messaging] AndroidManifest.xml:15:13-69
207        <service
207-->[:firebase_messaging] AndroidManifest.xml:16:9-22:19
208            android:name="io.flutter.plugins.firebase.messaging.FlutterFirebaseMessagingService"
208-->[:firebase_messaging] AndroidManifest.xml:17:13-97
209            android:exported="false" >
209-->[:firebase_messaging] AndroidManifest.xml:18:13-37
210            <intent-filter>
210-->[:firebase_messaging] AndroidManifest.xml:19:13-21:29
211                <action android:name="com.google.firebase.MESSAGING_EVENT" />
211-->[:firebase_messaging] AndroidManifest.xml:20:17-78
211-->[:firebase_messaging] AndroidManifest.xml:20:25-75
212            </intent-filter>
213        </service>
214
215        <receiver
215-->[:firebase_messaging] AndroidManifest.xml:24:9-31:20
216            android:name="io.flutter.plugins.firebase.messaging.FlutterFirebaseMessagingReceiver"
216-->[:firebase_messaging] AndroidManifest.xml:25:13-98
217            android:exported="true"
217-->[:firebase_messaging] AndroidManifest.xml:26:13-36
218            android:permission="com.google.android.c2dm.permission.SEND" >
218-->[:firebase_messaging] AndroidManifest.xml:27:13-73
219            <intent-filter>
219-->[:firebase_messaging] AndroidManifest.xml:28:13-30:29
220                <action android:name="com.google.android.c2dm.intent.RECEIVE" />
220-->[:firebase_messaging] AndroidManifest.xml:29:17-81
220-->[:firebase_messaging] AndroidManifest.xml:29:25-78
221            </intent-filter>
222        </receiver>
223
224        <provider
224-->[:firebase_messaging] AndroidManifest.xml:39:9-43:38
225            android:name="io.flutter.plugins.firebase.messaging.FlutterFirebaseMessagingInitProvider"
225-->[:firebase_messaging] AndroidManifest.xml:40:13-102
226            android:authorities="com.example.zometo.flutterfirebasemessaginginitprovider"
226-->[:firebase_messaging] AndroidManifest.xml:41:13-88
227            android:exported="false"
227-->[:firebase_messaging] AndroidManifest.xml:42:13-37
228            android:initOrder="99" />
228-->[:firebase_messaging] AndroidManifest.xml:43:13-35
229
230        <receiver
230-->[:flutter_local_notifications] AndroidManifest.xml:16:9-25:20
231            android:name="com.dexterous.flutterlocalnotifications.ScheduledNotificationBootReceiver"
231-->[:flutter_local_notifications] AndroidManifest.xml:17:13-101
232            android:exported="false" >
232-->[:flutter_local_notifications] AndroidManifest.xml:18:13-37
233            <intent-filter>
233-->[:flutter_local_notifications] AndroidManifest.xml:19:13-24:29
234                <action android:name="android.intent.action.BOOT_COMPLETED" />
234-->[:flutter_local_notifications] AndroidManifest.xml:20:17-79
234-->[:flutter_local_notifications] AndroidManifest.xml:20:25-76
235                <action android:name="android.intent.action.MY_PACKAGE_REPLACED" />
235-->[:flutter_local_notifications] AndroidManifest.xml:21:17-84
235-->[:flutter_local_notifications] AndroidManifest.xml:21:25-81
236                <action android:name="android.intent.action.QUICKBOOT_POWERON" />
236-->[:flutter_local_notifications] AndroidManifest.xml:22:17-82
236-->[:flutter_local_notifications] AndroidManifest.xml:22:25-79
237                <action android:name="com.htc.intent.action.QUICKBOOT_POWERON" />
237-->[:flutter_local_notifications] AndroidManifest.xml:23:17-82
237-->[:flutter_local_notifications] AndroidManifest.xml:23:25-79
238            </intent-filter>
239        </receiver>
240
241        <activity
241-->[:url_launcher_android] AndroidManifest.xml:8:9-11:74
242            android:name="io.flutter.plugins.urllauncher.WebViewActivity"
242-->[:url_launcher_android] AndroidManifest.xml:9:13-74
243            android:exported="false"
243-->[:url_launcher_android] AndroidManifest.xml:10:13-37
244            android:theme="@android:style/Theme.NoTitleBar.Fullscreen" />
244-->[:url_launcher_android] AndroidManifest.xml:11:13-71
245
246        <provider
246-->[:share_plus] AndroidManifest.xml:8:9-16:20
247            android:name="dev.fluttercommunity.plus.share.ShareFileProvider"
247-->[:share_plus] AndroidManifest.xml:9:13-77
248            android:authorities="com.example.zometo.flutter.share_provider"
248-->[:share_plus] AndroidManifest.xml:10:13-74
249            android:exported="false"
249-->[:share_plus] AndroidManifest.xml:11:13-37
250            android:grantUriPermissions="true" >
250-->[:share_plus] AndroidManifest.xml:12:13-47
251            <meta-data
251-->[:share_plus] AndroidManifest.xml:13:13-15:68
252                android:name="android.support.FILE_PROVIDER_PATHS"
252-->[:share_plus] AndroidManifest.xml:14:17-67
253                android:resource="@xml/flutter_share_file_paths" />
253-->[:share_plus] AndroidManifest.xml:15:17-65
254        </provider>
255
256        <uses-library
256-->[androidx.window:window:1.0.0-beta04] AndroidManifest.xml:25:9-27:40
257            android:name="androidx.window.extensions"
257-->[androidx.window:window:1.0.0-beta04] AndroidManifest.xml:26:13-54
258            android:required="false" />
258-->[androidx.window:window:1.0.0-beta04] AndroidManifest.xml:27:13-37
259        <uses-library
259-->[androidx.window:window:1.0.0-beta04] AndroidManifest.xml:28:9-30:40
260            android:name="androidx.window.sidecar"
260-->[androidx.window:window:1.0.0-beta04] AndroidManifest.xml:29:13-51
261            android:required="false" />
261-->[androidx.window:window:1.0.0-beta04] AndroidManifest.xml:30:13-37
262
263        <receiver
263-->[com.google.firebase:firebase-messaging:23.0.5] AndroidManifest.xml:31:9-38:20
264            android:name="com.google.firebase.iid.FirebaseInstanceIdReceiver"
264-->[com.google.firebase:firebase-messaging:23.0.5] AndroidManifest.xml:32:13-78
265            android:exported="true"
265-->[com.google.firebase:firebase-messaging:23.0.5] AndroidManifest.xml:33:13-36
266            android:permission="com.google.android.c2dm.permission.SEND" >
266-->[com.google.firebase:firebase-messaging:23.0.5] AndroidManifest.xml:34:13-73
267            <intent-filter>
267-->[:firebase_messaging] AndroidManifest.xml:28:13-30:29
268                <action android:name="com.google.android.c2dm.intent.RECEIVE" />
268-->[:firebase_messaging] AndroidManifest.xml:29:17-81
268-->[:firebase_messaging] AndroidManifest.xml:29:25-78
269            </intent-filter>
270        </receiver>
271        <!--
272             FirebaseMessagingService performs security checks at runtime,
273             but set to not exported to explicitly avoid allowing another app to call it.
274        -->
275        <service
275-->[com.google.firebase:firebase-messaging:23.0.5] AndroidManifest.xml:44:9-51:19
276            android:name="com.google.firebase.messaging.FirebaseMessagingService"
276-->[com.google.firebase:firebase-messaging:23.0.5] AndroidManifest.xml:45:13-82
277            android:directBootAware="true"
277-->[com.google.firebase:firebase-messaging:23.0.5] AndroidManifest.xml:46:13-43
278            android:exported="false" >
278-->[com.google.firebase:firebase-messaging:23.0.5] AndroidManifest.xml:47:13-37
279            <intent-filter android:priority="-500" >
279-->[:firebase_messaging] AndroidManifest.xml:19:13-21:29
280                <action android:name="com.google.firebase.MESSAGING_EVENT" />
280-->[:firebase_messaging] AndroidManifest.xml:20:17-78
280-->[:firebase_messaging] AndroidManifest.xml:20:25-75
281            </intent-filter>
282        </service>
283        <service
283-->[com.google.android.datatransport:transport-backend-cct:3.1.5] AndroidManifest.xml:29:9-35:19
284            android:name="com.google.android.datatransport.runtime.backends.TransportBackendDiscovery"
284-->[com.google.android.datatransport:transport-backend-cct:3.1.5] AndroidManifest.xml:30:13-103
285            android:exported="false" >
285-->[com.google.android.datatransport:transport-backend-cct:3.1.5] AndroidManifest.xml:31:13-37
286            <meta-data
286-->[com.google.android.datatransport:transport-backend-cct:3.1.5] AndroidManifest.xml:32:13-34:39
287                android:name="backend:com.google.android.datatransport.cct.CctBackendFactory"
287-->[com.google.android.datatransport:transport-backend-cct:3.1.5] AndroidManifest.xml:33:17-94
288                android:value="cct" />
288-->[com.google.android.datatransport:transport-backend-cct:3.1.5] AndroidManifest.xml:34:17-36
289        </service>
290        <service
290-->[com.google.android.datatransport:transport-runtime:3.1.5] AndroidManifest.xml:26:9-30:19
291            android:name="com.google.android.datatransport.runtime.scheduling.jobscheduling.JobInfoSchedulerService"
291-->[com.google.android.datatransport:transport-runtime:3.1.5] AndroidManifest.xml:27:13-117
292            android:exported="false"
292-->[com.google.android.datatransport:transport-runtime:3.1.5] AndroidManifest.xml:28:13-37
293            android:permission="android.permission.BIND_JOB_SERVICE" >
293-->[com.google.android.datatransport:transport-runtime:3.1.5] AndroidManifest.xml:29:13-69
294        </service>
295
296        <receiver
296-->[com.google.android.datatransport:transport-runtime:3.1.5] AndroidManifest.xml:32:9-34:40
297            android:name="com.google.android.datatransport.runtime.scheduling.jobscheduling.AlarmManagerSchedulerBroadcastReceiver"
297-->[com.google.android.datatransport:transport-runtime:3.1.5] AndroidManifest.xml:33:13-132
298            android:exported="false" />
298-->[com.google.android.datatransport:transport-runtime:3.1.5] AndroidManifest.xml:34:13-37
299
300        <activity
300-->[com.google.firebase:firebase-auth:21.0.5] AndroidManifest.xml:27:9-44:20
301            android:name="com.google.firebase.auth.internal.GenericIdpActivity"
301-->[com.google.firebase:firebase-auth:21.0.5] AndroidManifest.xml:28:13-80
302            android:excludeFromRecents="true"
302-->[com.google.firebase:firebase-auth:21.0.5] AndroidManifest.xml:29:13-46
303            android:exported="true"
303-->[com.google.firebase:firebase-auth:21.0.5] AndroidManifest.xml:30:13-36
304            android:launchMode="singleTask"
304-->[com.google.firebase:firebase-auth:21.0.5] AndroidManifest.xml:31:13-44
305            android:theme="@android:style/Theme.Translucent.NoTitleBar" >
305-->[com.google.firebase:firebase-auth:21.0.5] AndroidManifest.xml:32:13-72
306            <intent-filter>
306-->[com.google.firebase:firebase-auth:21.0.5] AndroidManifest.xml:33:13-43:29
307                <action android:name="android.intent.action.VIEW" />
307-->[:upi_pay] AndroidManifest.xml:9:13-65
307-->[:upi_pay] AndroidManifest.xml:9:21-62
308
309                <category android:name="android.intent.category.DEFAULT" />
309-->[com.google.firebase:firebase-auth:21.0.5] AndroidManifest.xml:36:17-76
309-->[com.google.firebase:firebase-auth:21.0.5] AndroidManifest.xml:36:27-73
310                <category android:name="android.intent.category.BROWSABLE" />
310-->[com.google.firebase:firebase-auth:21.0.5] AndroidManifest.xml:37:17-78
310-->[com.google.firebase:firebase-auth:21.0.5] AndroidManifest.xml:37:27-75
311
312                <data
312-->[:upi_pay] AndroidManifest.xml:11:13-42